<?xml version="1.0" encoding="UTF-8"?>
<testsuite name="TwoFerTest" tests="4" skipped="3" failures="0" errors="0" timestamp="2023-09-23T15:40:29" hostname="PABLO" time="0.023">
  <properties/>
  <testcase name="noNameGiven" classname="TwoFerTest" time="0.022"/>
  <testcase name="emptyStringGiven" classname="TwoFerTest" time="0.0">
    <skipped/>
  </testcase>
  <testcase name="aNameGiven" classname="TwoFerTest" time="0.0">
    <skipped/>
  </testcase>
  <testcase name="anotherNameGiven" classname="TwoFerTest" time="0.0">
    <skipped/>
  </testcase>
  <system-out><![CDATA[]]></system-out>
  <system-err><![CDATA[]]></system-err>
</testsuite>
